\BOOKMARK [1][-]{section.1}{\376\377\000O\000n\000e\000-\000S\000i\000d\000e\000d\000\040\000M\000a\000t\000c\000h\000i\000n\000g}{}% 1
\BOOKMARK [2][-]{subsection.1.1}{\376\377\000P\000r\000o\000p\000e\000r\000t\000i\000e\000s\000\040\000o\000f\000\040\000S\000e\000r\000i\000a\000l\000\040\000D\000i\000c\000t\000a\000t\000o\000r\000s\000h\000i\000p}{section.1}% 2
\BOOKMARK [1][-]{section.2}{\376\377\000T\000w\000o\000-\000S\000i\000d\000e\000d\000\040\000M\000a\000t\000c\000h\000i\000n\000g}{}% 3
\BOOKMARK [2][-]{subsection.2.1}{\376\377\000D\000e\000f\000e\000r\000r\000e\000d\000\040\000A\000c\000c\000e\000p\000t\000a\000n\000c\000e}{section.2}% 4
\BOOKMARK [2][-]{subsection.2.2}{\376\377\000D\000e\000f\000e\000r\000r\000e\000d\000\040\000A\000c\000c\000e\000p\000t\000a\000n\000c\000e\000\040\000i\000n\000\040\000P\000r\000a\000c\000t\000i\000c\000e}{section.2}% 5
\BOOKMARK [1][-]{section.3}{\376\377\000T\000o\000p\000\040\000T\000r\000a\000d\000i\000n\000g\000\040\000C\000y\000c\000l\000e\000s}{}% 6
\BOOKMARK [2][-]{subsection.3.1}{\376\377\000T\000o\000p\000\040\000T\000r\000a\000d\000i\000n\000g\000\040\000C\000y\000c\000l\000e\000s\000\040\000a\000n\000d\000\040\000C\000h\000a\000i\000n\000s}{section.3}% 7
\BOOKMARK [2][-]{subsection.3.2}{\376\377\000T\000T\000C\000\050\000C\000\051\000\040\000i\000n\000\040\000P\000r\000a\000c\000t\000i\000c\000e}{section.3}% 8
\BOOKMARK [1][-]{section.4}{\376\377\000E\000q\000u\000i\000l\000i\000b\000r\000i\000a\000\040\000i\000n\000\040\000G\000a\000m\000e\000s}{}% 9
\BOOKMARK [2][-]{subsection.4.1}{\376\377\000E\000q\000u\000i\000l\000i\000b\000r\000i\000u\000m\000\040\000i\000n\000\040\0002\000-\000P\000l\000a\000y\000e\000r\000\040\000Z\000e\000r\000o\000-\000s\000u\000m\000\040\000G\000a\000m\000e\000s}{section.4}% 10
\BOOKMARK [2][-]{subsection.4.2}{\376\377\000N\000a\000s\000h\000\040\000E\000q\000\040\000i\000n\000\040\000\050\000n\000o\000n\000-\000z\000e\000r\000o\000\040\000s\000u\000m\000\051\000\040\000G\000a\000m\000e\000s}{section.4}% 11
\BOOKMARK [1][-]{section.5}{\376\377\000P\0002\000P\000\040\000F\000i\000l\000e\000-\000s\000h\000a\000r\000i\000n\000g\000\040\000D\000i\000l\000e\000m\000m\000a\000\040\000\050\0001\000/\0002\0005\000/\0002\0000\0002\0003\000\051}{}% 12
\BOOKMARK [2][-]{subsection.5.1}{\376\377\000R\000e\000p\000e\000a\000t\000e\000d\000\040\000G\000a\000m\000e\000s}{section.5}% 13
\BOOKMARK [2][-]{subsection.5.2}{\376\377\000R\000e\000p\000e\000a\000t\000e\000d\000\040\000G\000a\000m\000e\000s\000\040\000w\000i\000t\000h\000\040\000D\000i\000s\000c\000o\000u\000n\000t\000i\000n\000g}{section.5}% 14
\BOOKMARK [2][-]{subsection.5.3}{\376\377\000B\000i\000t\000T\000o\000r\000r\000e\000n\000t\000\040\000S\000t\000r\000a\000t\000e\000g\000i\000e\000s}{section.5}% 15
\BOOKMARK [1][-]{section.6}{\376\377\000M\000a\000r\000k\000e\000t\000\040\000E\000q\000u\000i\000l\000i\000b\000r\000i\000u\000m\000\040\000\050\0001\000/\0003\0000\000/\0002\0000\0002\0003\000\051}{}% 16
\BOOKMARK [2][-]{subsection.6.1}{\376\377\000U\000n\000i\000t\000-\000D\000e\000m\000a\000n\000d\000\040\000M\000a\000r\000k\000e\000t\000\040\000M\000o\000d\000e\000l}{section.6}% 17
\BOOKMARK [2][-]{subsection.6.2}{\376\377\000P\000r\000o\000p\000e\000r\000t\000i\000e\000s\000\040\000o\000f\000\040\000C\000o\000m\000p\000e\000t\000i\000t\000i\000v\000e\000\040\000E\000q\000u\000i\000l\000i\000b\000r\000i\000u\000m}{section.6}% 18
\BOOKMARK [1][-]{section.7}{\376\377\000M\000a\000r\000k\000e\000t\000\040\000F\000a\000i\000l\000u\000r\000e\000s\000\040\000\050\0002\000/\0001\000/\0002\0000\0002\0003\000\051}{}% 19
\BOOKMARK [2][-]{subsection.7.1}{\376\377\000E\000x\000t\000e\000r\000n\000a\000l\000i\000t\000i\000e\000s\000\040\000a\000n\000d\000\040\000P\000u\000b\000l\000i\000c\000\040\000G\000o\000o\000d\000s}{section.7}% 20
\BOOKMARK [2][-]{subsection.7.2}{\376\377\000T\000r\000a\000n\000s\000a\000c\000t\000i\000o\000n\000\040\000C\000o\000s\000t\000s}{section.7}% 21
\BOOKMARK [2][-]{subsection.7.3}{\376\377\000M\000a\000r\000k\000e\000t\000\040\000T\000h\000i\000c\000k\000n\000e\000s\000s}{section.7}% 22
\BOOKMARK [2][-]{subsection.7.4}{\376\377\000T\000i\000m\000i\000n\000g\000\040\000I\000s\000s\000u\000e\000s}{section.7}% 23
\BOOKMARK [2][-]{subsection.7.5}{\376\377\000I\000n\000f\000o\000r\000m\000a\000t\000i\000o\000n\000\040\000A\000s\000y\000m\000m\000e\000t\000r\000i\000e\000s}{section.7}% 24
\BOOKMARK [1][-]{section.8}{\376\377\000S\000i\000n\000g\000l\000e\000-\000U\000n\000i\000t\000\040\000A\000u\000c\000t\000i\000o\000n\000s\000\040\000\050\0002\000/\0006\000/\0002\0000\0002\0003\000\051}{}% 25
\BOOKMARK [2][-]{subsection.8.1}{\376\377\000C\000a\000s\000e\000\040\000o\000f\000\040\000O\000n\000e\000\040\000B\000u\000y\000e\000r}{section.8}% 26
\BOOKMARK [2][-]{subsection.8.2}{\376\377\000C\000a\000s\000e\000\040\000o\000f\000\040\000M\000u\000l\000t\000i\000p\000l\000e\000\040\000B\000u\000y\000e\000r\000s}{section.8}% 27
\BOOKMARK [2][-]{subsection.8.3}{\376\377\000R\000e\000v\000e\000n\000u\000e\000\040\000M\000a\000x\000i\000m\000i\000z\000a\000t\000i\000o\000n}{section.8}% 28
\BOOKMARK [1][-]{section.9}{\376\377\000S\000p\000o\000n\000s\000o\000r\000e\000d\000\040\000S\000e\000a\000r\000c\000h\000\040\000A\000u\000c\000t\000i\000o\000n\000s\000\040\000\050\0002\000/\0008\000/\0002\0000\0002\0003\000\051}{}% 29
\BOOKMARK [2][-]{subsection.9.1}{\376\377\000V\000i\000c\000k\000r\000e\000y\000-\000C\000l\000a\000r\000k\000e\000-\000G\000r\000o\000v\000e\000s\000\040\000M\000e\000c\000h\000a\000n\000i\000s\000m}{section.9}% 30
\BOOKMARK [2][-]{subsection.9.2}{\376\377\000U\000n\000n\000a\000t\000u\000r\000a\000l\000\040\000E\000q\000u\000i\000l\000i\000b\000r\000i\000a}{section.9}% 31
\BOOKMARK [2][-]{subsection.9.3}{\376\377\000G\000S\000P\000\040\000v\000s\000\040\000V\000C\000G\000\040\000i\000n\000\040\000P\000r\000a\000c\000t\000i\000c\000e}{section.9}% 32
\BOOKMARK [1][-]{section.10}{\376\377\000P\000a\000c\000i\000n\000g\000\040\000E\000q\000u\000i\000l\000i\000b\000r\000i\000u\000m\000\040\000i\000n\000\040\000F\000i\000r\000s\000t\000-\000P\000r\000i\000c\000e\000\040\000A\000u\000c\000t\000i\000o\000n\000\040\000M\000a\000r\000k\000e\000t\000s\000\040\000\050\000G\000u\000e\000s\000t\000\040\000L\000e\000c\000t\000u\000r\000e\000\051}{}% 33
\BOOKMARK [2][-]{subsection.10.1}{\376\377\000M\000o\000d\000e\000l}{section.10}% 34
\BOOKMARK [2][-]{subsection.10.2}{\376\377\000P\000r\000o\000p\000e\000r\000t\000i\000e\000s\000\040\000o\000f\000\040\000F\000P\000P\000E}{section.10}% 35
\BOOKMARK [1][-]{section.11}{\376\377\000P\000r\000e\000d\000i\000c\000t\000i\000o\000n\000\040\000M\000a\000r\000k\000e\000t\000s\000\040\000a\000n\000d\000\040\000I\000n\000f\000o\000r\000m\000a\000t\000i\000o\000n\000\040\000C\000a\000s\000c\000a\000d\000e\000s\000\040\000\050\0002\000/\0002\0002\000/\0002\0000\0002\0003\000\051}{}% 36
\BOOKMARK [2][-]{subsection.11.1}{\376\377\000L\000i\000q\000u\000i\000d\000i\000t\000y\000\040\000i\000n\000\040\000P\000r\000e\000d\000i\000c\000t\000i\000o\000n\000\040\000M\000a\000r\000k\000e\000t\000s}{section.11}% 37
\BOOKMARK [2][-]{subsection.11.2}{\376\377\000I\000n\000f\000o\000r\000m\000a\000t\000i\000o\000n\000\040\000C\000a\000s\000c\000a\000d\000e\000s}{section.11}% 38
\BOOKMARK [2][-]{subsection.11.3}{\376\377\000L\000e\000g\000a\000l\000\040\000I\000s\000s\000u\000e\000s\000\040\000o\000f\000\040\000P\000r\000e\000d\000i\000c\000t\000i\000o\000n\000\040\000M\000a\000r\000k\000e\000t\000s}{section.11}% 39
\BOOKMARK [1][-]{section.12}{\376\377\000F\000i\000x\000i\000n\000g\000\040\000C\000o\000n\000g\000e\000s\000t\000i\000o\000n\000\040\000w\000i\000t\000h\000\040\000D\000o\000l\000l\000a\000r\000s\000\040\000a\000n\000d\000\040\000D\000a\000t\000a\000\040\000\050\000G\000u\000e\000s\000t\000\040\000L\000e\000c\000t\000u\000r\000e\000\051}{}% 40
\BOOKMARK [2][-]{subsection.12.1}{\376\377\000U\000r\000b\000a\000n\000\040\000C\000o\000n\000g\000e\000s\000t\000i\000o\000n}{section.12}% 41
\BOOKMARK [2][-]{subsection.12.2}{\376\377\000L\000a\000r\000g\000e\000-\000s\000c\000a\000l\000e\000\040\000N\000u\000d\000g\000e\000\040\000E\000n\000g\000i\000n\000e\000s}{section.12}% 42
\BOOKMARK [2][-]{subsection.12.3}{\376\377\000S\000i\000n\000g\000a\000p\000o\000r\000e\000\040\000M\000R\000T}{section.12}% 43
\BOOKMARK [1][-]{section.13}{\376\377\000P\000r\000o\000o\000f\000-\000o\000f\000-\000W\000o\000r\000k\000\040\000B\000l\000o\000c\000k\000c\000h\000a\000i\000n\000s\000\040\000\050\0003\000/\0001\000/\0002\0000\0002\0003\000\051}{}% 44
\BOOKMARK [2][-]{subsection.13.1}{\376\377\000\050\000S\000i\000m\000p\000l\000i\000f\000i\000e\000d\000\051\000\040\000B\000i\000t\000c\000o\000i\000n\000\040\000P\000r\000o\000t\000o\000c\000o\000l}{section.13}% 45
\BOOKMARK [2][-]{subsection.13.2}{\376\377\000I\000n\000c\000e\000n\000t\000i\000v\000e\000\040\000I\000s\000s\000u\000e\000s\000\040\000w\000i\000t\000h\000\040\000B\000i\000g\000\040\000M\000i\000n\000e\000r\000s}{section.13}% 46
\BOOKMARK [2][-]{subsection.13.3}{\376\377\000S\000e\000l\000f\000i\000s\000h\000\040\000M\000i\000n\000i\000n\000g}{section.13}% 47
\BOOKMARK [2][-]{subsection.13.4}{\376\377\000B\000i\000g\000\040\000M\000i\000n\000e\000r\000s\000\040\000i\000n\000\040\000P\000r\000a\000c\000t\000i\000c\000e}{section.13}% 48
\BOOKMARK [1][-]{section.14}{\376\377\000P\000r\000o\000o\000f\000\040\000o\000f\000\040\000S\000t\000a\000k\000e\000\040\000\050\0003\000/\0006\000/\0002\0000\0002\0003\000\051}{}% 49
\BOOKMARK [2][-]{subsection.14.1}{\376\377\000C\000r\000y\000p\000t\000o\000g\000r\000a\000p\000h\000i\000c\000\040\000P\000r\000e\000l\000i\000m\000i\000n\000a\000r\000i\000e\000s}{section.14}% 50
\BOOKMARK [2][-]{subsection.14.2}{\376\377\000A\000p\000p\000r\000o\000a\000c\000h\000e\000s\000\040\000t\000o\000\040\000I\000m\000p\000l\000e\000m\000e\000n\000t\000i\000n\000g\000\040\000P\000r\000o\000o\000f\000-\000o\000f\000-\000S\000t\000a\000k\000e}{section.14}% 51
\BOOKMARK [1][-]{section.15}{\376\377\000S\000e\000c\000u\000r\000i\000t\000y\000\040\000M\000a\000r\000k\000e\000t\000s\000\040\000\050\0003\000/\0008\000/\0002\0000\0002\0003\000\051}{}% 52
\BOOKMARK [2][-]{subsection.15.1}{\376\377\000H\000i\000g\000h\000\040\000F\000r\000e\000q\000u\000e\000n\000c\000y\000\040\000T\000r\000a\000d\000i\000n\000g\000\040\000A\000r\000m\000s\000\040\000R\000a\000c\000e}{section.15}% 53
\BOOKMARK [2][-]{subsection.15.2}{\376\377\000S\000t\000o\000c\000k\000\040\000M\000a\000r\000k\000e\000t\000s}{section.15}% 54
\BOOKMARK [2][-]{subsection.15.3}{\376\377\000M\000a\000r\000k\000e\000t\000\040\000F\000a\000i\000l\000u\000r\000e\000\040\000F\000i\000x\000e\000s}{section.15}% 55
\BOOKMARK [2][-]{subsection.15.4}{\376\377\000B\000l\000o\000c\000k\000c\000h\000a\000i\000n\000\040\000F\000l\000a\000s\000h\000b\000o\000y\000s}{section.15}% 56
\BOOKMARK [2][-]{subsection.15.5}{\376\377\000M\000i\000n\000e\000r\000s\040\031\000\040\000E\000x\000t\000r\000a\000c\000t\000a\000b\000l\000e\000\040\000V\000a\000l\000u\000e\000\040\000\050\000M\000E\000V\000\051}{section.15}% 57
\BOOKMARK [1][-]{section.16}{\376\377\000E\000n\000v\000y\000\040\000a\000n\000d\000\040\000F\000a\000i\000r\000n\000e\000s\000s\000\040\000\050\0003\000/\0001\0003\000/\0002\0000\0002\0003\000\051}{}% 58
\BOOKMARK [2][-]{subsection.16.1}{\376\377\000F\000o\000r\000m\000a\000l\000i\000z\000i\000n\000g\000\040\000F\000a\000i\000r\000\040\000A\000l\000l\000o\000c\000a\000t\000i\000o\000n\000s}{section.16}% 59
\BOOKMARK [2][-]{subsection.16.2}{\376\377\000D\000o\000m\000i\000n\000a\000n\000t\000\040\000R\000e\000s\000o\000u\000r\000c\000e\000\040\000F\000a\000i\000r\000n\000e\000s\000s}{section.16}% 60
\BOOKMARK [2][-]{subsection.16.3}{\376\377\000D\000R\000F\000\040\000i\000n\000\040\000P\000r\000a\000c\000t\000i\000c\000e}{section.16}% 61
\BOOKMARK [1][-]{section.17}{\376\377\000C\000o\000u\000r\000s\000e\000\040\000S\000e\000l\000e\000c\000t\000i\000o\000n\000\040\000\050\0003\000/\0001\0005\000/\0002\0000\0002\0003\000\051}{}% 62
